<?xml version="1.0" encoding="UTF-8"?>
<!-- Generated by org.testng.reporters.JUnitReportReporter -->
<testsuite hostname="AVI" failures="0" tests="3" name="appfeatureStep.AppRunnerClass" time="33.186" errors="0" timestamp="2024-03-31T15:52:05 IST" skipped="0">
  <testcase classname="appfeatureStep.AppRunnerClass" name="runScenario" time="6.975"/>
  <system-out/>
  <testcase classname="appfeatureStep.AppRunnerClass" name="runScenario" time="14.485"/>
  <system-out/>
  <testcase classname="appfeatureStep.AppRunnerClass" name="runScenario" time="11.726"/>
  <system-out/>
</testsuite> <!-- appfeatureStep.AppRunnerClass -->
