<?xml version="1.0" encoding="UTF-8"?>
<!-- Generated by org.testng.reporters.JUnitReportReporter -->
<testsuite hostname="AVI" failures="0" tests="3" name="appfeatureStep.AppRunnerClass" time="28.314" errors="0" timestamp="2024-03-26T23:26:44 IST" skipped="0">
  <testcase classname="appfeatureStep.AppRunnerClass" name="runScenario" time="8.732"/>
  <system-out/>
  <testcase classname="appfeatureStep.AppRunnerClass" name="runScenario" time="7.965"/>
  <system-out/>
  <testcase classname="appfeatureStep.AppRunnerClass" name="runScenario" time="11.617"/>
  <system-out/>
</testsuite> <!-- appfeatureStep.AppRunnerClass -->
